<?xml version="1.0" encoding="utf-8"?><testsuites name="pytest tests"><testsuite name="pytest" errors="0" failures="0" skipped="0" tests="43" time="8.240" timestamp="2026-07-09T06:25:27.340974+00:00" hostname="agent-env-8f83cef4-e343-4e12-97c9-880678cb4dd3"><testcase classname="tests.backend_test.TestPublic" name="test_root" time="0.129" /><testcase classname="tests.backend_test.TestPublic" name="test_list_public_posts_only_published" time="0.100" /><testcase classname="tests.backend_test.TestPublic" name="test_get_post_by_slug" time="0.101" /><testcase classname="tests.backend_test.TestPublic" name="test_get_post_404" time="0.104" /><testcase classname="tests.backend_test.TestAuthGuards" name="test_me_requires_auth" time="0.095" /><testcase classname="tests.backend_test.TestAuthGuards" name="test_admin_list_requires_auth" time="0.096" /><testcase classname="tests.backend_test.TestAuthGuards" name="test_admin_create_requires_auth" time="0.098" /><testcase classname="tests.backend_test.TestAuthGuards" name="test_admin_update_requires_auth" time="0.098" /><testcase classname="tests.backend_test.TestAuthGuards" name="test_admin_delete_requires_auth" time="0.094" /><testcase classname="tests.backend_test.TestAuthGuards" name="test_bogus_bearer_token" time="0.090" /><testcase classname="tests.backend_test.TestOAuthSession" name="test_missing_x_session_id" time="0.097" /><testcase classname="tests.backend_test.TestOAuthSession" name="test_bogus_x_session_id_returns_401" time="0.236" /><testcase classname="tests.backend_test.TestAdminCRUD" name="test_auth_me" time="0.104" /><testcase classname="tests.backend_test.TestAdminCRUD" name="test_admin_list_posts" time="0.099" /><testcase classname="tests.backend_test.TestAdminCRUD" name="test_create_update_delete_flow" time="0.493" /><testcase classname="tests.backend_test.TestAdminCRUD" name="test_slug_uniqueness_auto_suffix" time="0.285" /><testcase classname="tests.backend_test.TestStaticRegression" name="test_asset_200[/sitemap.xml]" time="0.125" /><testcase classname="tests.backend_test.TestStaticRegression" name="test_asset_200[/robots.txt]" time="0.100" /><testcase classname="tests.backend_test.TestStaticRegression" name="test_asset_200[/favicon.ico]" time="0.098" /><testcase classname="tests.backend_test.TestStaticRegression" name="test_asset_200[/favicon-32.png]" time="0.108" /><testcase classname="tests.backend_test.TestStaticRegression" name="test_asset_200[/favicon-192.png]" time="0.104" /><testcase classname="tests.backend_test.TestStaticRegression" name="test_asset_200[/favicon-512.png]" time="0.134" /><testcase classname="tests.backend_test.TestStaticRegression" name="test_asset_200[/apple-touch-icon.png]" time="0.096" /><testcase classname="tests.backend_test.TestStaticRegression" name="test_asset_200[/og-image.png]" time="0.160" /><testcase classname="tests.backend_test.TestMessagesPublicSubmit" name="test_submit_valid_message_persists_and_sends_email" time="0.405" /><testcase classname="tests.backend_test.TestMessagesPublicSubmit" name="test_submit_invalid_payload_returns_422[payload0]" time="1.145" /><testcase classname="tests.backend_test.TestMessagesPublicSubmit" name="test_submit_invalid_payload_returns_422[payload1]" time="0.093" /><testcase classname="tests.backend_test.TestMessagesPublicSubmit" name="test_submit_invalid_payload_returns_422[payload2]" time="0.098" /><testcase classname="tests.backend_test.TestMessagesPublicSubmit" name="test_submit_invalid_payload_returns_422[payload3]" time="0.123" /><testcase classname="tests.backend_test.TestMessagesPublicSubmit" name="test_submit_invalid_payload_returns_422[payload4]" time="0.093" /><testcase classname="tests.backend_test.TestMessagesPublicSubmit" name="test_submit_invalid_payload_returns_422[payload5]" time="0.097" /><testcase classname="tests.backend_test.TestMessagesAuthGuards" name="test_list_requires_auth" time="0.098" /><testcase classname="tests.backend_test.TestMessagesAuthGuards" name="test_unread_count_requires_auth" time="0.098" /><testcase classname="tests.backend_test.TestMessagesAuthGuards" name="test_patch_requires_auth" time="0.097" /><testcase classname="tests.backend_test.TestMessagesAuthGuards" name="test_delete_requires_auth" time="0.097" /><testcase classname="tests.backend_test.TestMessagesAdminFlow" name="test_full_lifecycle" time="0.941" /><testcase classname="tests.backend_test.TestMessagesAdminFlow" name="test_patch_missing_read_field_returns_400" time="0.410" /><testcase classname="tests.backend_test.TestMessagesAdminFlow" name="test_delete_nonexistent_returns_404" time="0.097" /><testcase classname="tests.test_blog_files.TestStartupState" name="test_blog_root_exists" time="0.000" /><testcase classname="tests.test_blog_files.TestStartupState" name="test_seeded_slugs_have_index_html" time="0.103" /><testcase classname="tests.test_blog_files.TestStartupState" name="test_sitemap_has_static_anchors_and_published_slugs" time="0.097" /><testcase classname="tests.test_blog_files.TestBlogHtmlSEO" name="test_seeded_blog_page_seo_surface" time="0.199" /><testcase classname="tests.test_blog_files.TestCRUDBlogFiles" name="test_full_lifecycle" time="0.525" /></testsuite></testsuites>